0 silly argv {
0 silly argv   _: [ 'bootstrap' ],
0 silly argv   lernaVersion: '4.0.0',
0 silly argv   '$0': 'node_modules\\lerna\\cli.js'
0 silly argv }
1 notice cli v4.0.0
2 verbose rootPath F:\work_repo\qqmusic-helper
3 error JSONError: Unexpected string in JSON at position 696 while parsing '{	"name": "@tencent/qmfe-react-cache-ro' in packages\qmfe-react-cache-router\package.json
3 error
3 error [0m [90m 27 |[39m 		[32m"react"[39m[33m:[39m [32m"^17.0.2"[39m[33m,[39m[0m
3 error [0m [90m 28 |[39m 		[32m"react-router-dom"[39m[33m:[39m [32m"^5.2.0"[39m[0m
3 error [0m[31m[1m>[22m[39m[90m 29 |[39m 		[32m"rollup-plugin-babel"[39m[33m:[39m [32m"^4.4.0"[39m[33m,[39m[0m
3 error [0m [90m    |[39m 		[31m[1m^[22m[39m[0m
3 error [0m [90m 30 |[39m 		[32m"@rollup/plugin-node-resolve"[39m[33m:[39m [32m"^13.0.0"[39m[33m,[39m[0m
3 error [0m [90m 31 |[39m 		[32m"@rollup/plugin-commonjs"[39m[33m:[39m [32m"^19.0.0"[39m[33m,[39m[0m
3 error [0m [90m 32 |[39m 		[32m"rollup-plugin-uglify"[39m[33m:[39m [32m"^6.0.4"[39m[33m,[39m[0m
3 error
3 error     at parseJson (F:\work_repo\qqmusic-helper\node_modules\parse-json\index.js:29:21)
3 error     at parse (F:\work_repo\qqmusic-helper\node_modules\load-json-file\index.js:15:9)
3 error     at module.exports (F:\work_repo\qqmusic-helper\node_modules\load-json-file\index.js:18:47)
